Removed Pin From Net: NetName=NetC18_2 Pin=U3-1
Removed Pin From Net: NetName=GND Pin=U3-2
Removed Pin From Net: NetName=CLKOUT Pin=U3-3
Removed Pin From Net: NetName=INT Pin=U3-4
Removed Pin From Net: NetName=MISO Pin=U3-6
Removed Pin From Net: NetName=MOSI Pin=U3-7
Removed Pin From Net: NetName=SCK Pin=U3-8
Removed Pin From Net: NetName=C\S\ Pin=U3-9
Removed Pin From Net: NetName=R\E\S\E\T Pin=U3-10
Removed Pin From Net: NetName=GND Pin=U3-11
Removed Pin From Net: NetName=TPIN- Pin=U3-12
Removed Pin From Net: NetName=TPIN+ Pin=U3-13
Removed Pin From Net: NetName=NetR20_1 Pin=U3-14
Removed Pin From Net: NetName=+3V3 Pin=U3-15
Removed Pin From Net: NetName=TPOUT- Pin=U3-16
Removed Pin From Net: NetName=TPOUT+ Pin=U3-17
Removed Pin From Net: NetName=GND Pin=U3-18
Removed Pin From Net: NetName=+3V3 Pin=U3-19
Removed Pin From Net: NetName=+3V3 Pin=U3-20
Removed Pin From Net: NetName=GND Pin=U3-21
Removed Pin From Net: NetName=GND Pin=U3-22
Removed Pin From Net: NetName=NetC20_1 Pin=U3-23
Removed Pin From Net: NetName=NetC19_1 Pin=U3-24
Removed Pin From Net: NetName=+3V3 Pin=U3-25
Removed Pin From Net: NetName=NetR17_1 Pin=U3-26
Removed Pin From Net: NetName=NetR16_1 Pin=U3-27
Removed Pin From Net: NetName=+3V3 Pin=U3-28
Removed Member From Class: ClassName=Ethernet Member=U3
Added Component: Designator=U?(SOIC-28)
Add component. Clean all parameters for all variants
Added Pin To Net: NetName=NetC18_2 Pin=U?-1
Added Pin To Net: NetName=GND Pin=U?-2
Added Pin To Net: NetName=CLKOUT Pin=U?-3
Added Pin To Net: NetName=INT Pin=U?-4
Added Pin To Net: NetName=MISO Pin=U?-6
Added Pin To Net: NetName=MOSI Pin=U?-7
Added Pin To Net: NetName=SCK Pin=U?-8
Added Pin To Net: NetName=C\S\ Pin=U?-9
Added Pin To Net: NetName=R\E\S\E\T Pin=U?-10
Added Pin To Net: NetName=GND Pin=U?-11
Added Pin To Net: NetName=TPIN- Pin=U?-12
Added Pin To Net: NetName=TPIN+ Pin=U?-13
Added Pin To Net: NetName=NetR20_1 Pin=U?-14
Added Pin To Net: NetName=+3V3 Pin=U?-15
Added Pin To Net: NetName=TPOUT- Pin=U?-16
Added Pin To Net: NetName=TPOUT+ Pin=U?-17
Added Pin To Net: NetName=GND Pin=U?-18
Added Pin To Net: NetName=+3V3 Pin=U?-19
Added Pin To Net: NetName=+3V3 Pin=U?-20
Added Pin To Net: NetName=GND Pin=U?-21
Added Pin To Net: NetName=GND Pin=U?-22
Added Pin To Net: NetName=NetC20_1 Pin=U?-23
Added Pin To Net: NetName=NetC19_1 Pin=U?-24
Added Pin To Net: NetName=+3V3 Pin=U?-25
Added Pin To Net: NetName=NetR17_1 Pin=U?-26
Added Pin To Net: NetName=NetR16_1 Pin=U?-27
Added Pin To Net: NetName=+3V3 Pin=U?-28
Added Member To Class: ClassName=Ethernet Member=Component U? ENC28J60
