Removed Pin From Net: NetName=GND Pin=C18-1
Removed Pin From Net: NetName=GND Pin=C20-2
Removed Pin From Net: NetName=GND Pin=C21-1
Removed Pin From Net: NetName=NetC21_2 Pin=C21-2
Removed Pin From Net: NetName=TPIN+ Pin=CN2-3
Removed Pin From Net: NetName=TPIN- Pin=CN2-6
Removed Pin From Net: NetName=GND Pin=CN2-10
Removed Pin From Net: NetName=GND Pin=CN2-11
Removed Pin From Net: NetName=+3V3 Pin=R20-2
Removed Pin From Net: NetName=+3V3 Pin=R21-2
Removed Pin From Net: NetName=GND Pin=R22-2
Removed Pin From Net: NetName=NetC18_2 Pin=U3-1
Removed Pin From Net: NetName=GND Pin=U3-2
Removed Pin From Net: NetName=TPIN- Pin=U3-12
Removed Pin From Net: NetName=TPIN+ Pin=U3-13
Removed Pin From Net: NetName=+3V3 Pin=U3-15
Removed Pin From Net: NetName=TPOUT- Pin=U3-16
Removed Pin From Net: NetName=TPOUT+ Pin=U3-17
Removed Pin From Net: NetName=GND Pin=U3-18
Removed Pin From Net: NetName=+3V3 Pin=U3-19
Removed Pin From Net: NetName=+3V3 Pin=U3-20
Removed Pin From Net: NetName=GND Pin=U3-22
Removed Pin From Net: NetName=+3V3 Pin=U3-25
Removed Member From Class: ClassName=Low voltage Member=GND
Change Component Footprint: Designator=C21 Old Footprint=C0603-B New Footprint=CAP_3216
Change Component Footprint: Designator=C18 Old Footprint=C0805-B New Footprint=C0603-B
Change Component Footprint: Designator=U3 Old Footprint=SOIC-28 New Footprint=LQFP 48
Change Component Comment : Designator=R21 Old Comment=10K/1% New Comment=1K/1%
Change Component Comment : Designator=XT1 Old Comment=12Mhz New Comment=25Mhz
Change Component Comment : Designator=C20 Old Comment=18pF New Comment=6.8nF
Change Component Comment : Designator=C19 Old Comment=18pF New Comment=103/50V
Change Component Comment : Designator=C21 Old Comment=103/50V New Comment=10uF/16V
Change Component Comment : Designator=C22 Old Comment=103/50V New Comment=104/50V
Change Component Comment : Designator=C18 Old Comment=106 / 25V New Comment=6.8nF
Change Component Comment : Designator=U3 Old Comment=ENC28J60 New Comment=W5500
Change Component Designator: OldDesignator=R23 NewDesignator=R20
Change Component Designator: OldDesignator=R24 NewDesignator=R22
Change Component Designator: OldDesignator=R26 NewDesignator=R28
Change component parameters: Designator = "C19"; Footprint = "C0603-B"; UniqueID = "\NSDCDCWP\EDPUBWJG"
Change component parameters. Clean all parameters for all variants
Change component parameters (AddParameter): Name = "BSH Partnumber"; Value = "C1589"; VariantName = "[No Variations]"
Change component parameters (AddParameter): Name = "ComponentLink1Description"; Value = "Datasheet"; VariantName = "[No Variations]"
Change component parameters (AddParameter): Name = "ComponentLink1URL"; Value = "https://datasheet.lcsc.com/szlcsc/1810191222_Samsung-Electro-Mechanics-CL10B103KB8NNNC_C1589.pdf"; VariantName = "[No Variations]"
Change component parameters (AddParameter): Name = "ComponentLink2Description"; Value = "Link sale"; VariantName = "[No Variations]"
Change component parameters (AddParameter): Name = "ComponentLink2URL"; Value = "https://lcsc.com/product-detail/Multilayer-Ceramic-Capacitors-MLCC-SMD-SMT_Samsung-Electro-Mechanics-CL10B103KB8NNNC_C1589.htmlhttps://lcsc.com/product-detail/Multilayer-Ceramic-Capacitors-MLCC-SMD-SMT_Samsung-Electro-Mechanics-CL10B103KB8NNNC_C1589.html"; VariantName = "[No Variations]"
Change component parameters (AddParameter): Name = "Creator"; Value = "Digo"; VariantName = "[No Variations]"
Change component parameters (AddParameter): Name = "Datasheet"; Value = "https://datasheet.lcsc.com/szlcsc/1810191222_Samsung-Electro-Mechanics-CL10B103KB8NNNC_C1589.pdf"; VariantName = "[No Variations]"
Change component parameters (AddParameter): Name = "Date"; Value = "20210222"; VariantName = "[No Variations]"
Change component parameters (AddParameter): Name = "Distributor"; Value = "LCSC Electronics"; VariantName = "[No Variations]"
Change component parameters (AddParameter): Name = "Link sale"; Value = "https://lcsc.com/product-detail/Multilayer-Ceramic-Capacitors-MLCC-SMD-SMT_Samsung-Electro-Mechanics-CL10B103KB8NNNC_C1589.htmlhttps://lcsc.com/product-detail/Multilayer-Ceramic-Capacitors-MLCC-SMD-SMT_Samsung-Electro-Mechanics-CL10B103KB8NNNC_C1589.html"; VariantName = "[No Variations]"
Change component parameters (AddParameter): Name = "Manufacture"; Value = "Samsung Electro-Mechanics"; VariantName = "[No Variations]"
Change component parameters (AddParameter): Name = "Partnumber"; Value = "CL10B103KB8NNNC"; VariantName = "[No Variations]"
Change component parameters (AddParameter): Name = "Pricing (USD)"; Value = "0.008"; VariantName = "[No Variations]"
Change component parameters (AddParameter): Name = "Value"; Value = "103/50V"; VariantName = "[No Variations]"
Change component parameters: Designator = "C20"; Footprint = "C0603-B"; UniqueID = "\NSDCDCWP\VLESIINH"
Change component parameters. Clean all parameters for all variants
Change component parameters (AddParameter): Name = "BSH Partnumber"; Value = "C31658"; VariantName = "[No Variations]"
Change component parameters (AddParameter): Name = "ComponentLink1Description"; Value = "Datasheet"; VariantName = "[No Variations]"
Change component parameters (AddParameter): Name = "ComponentLink1URL"; Value = "https://item.szlcsc.com/32617.html"; VariantName = "[No Variations]"
Change component parameters (AddParameter): Name = "ComponentLink2Description"; Value = "Link sale"; VariantName = "[No Variations]"
Change component parameters (AddParameter): Name = "ComponentLink2URL"; Value = "https://datasheet.lcsc.com/lcsc/1811072020_Samsung-Electro-Mechanics-CL10B683KB8NNNC_C31658.pdf"; VariantName = "[No Variations]"
Change component parameters (AddParameter): Name = "Creator"; Value = "Digo"; VariantName = "[No Variations]"
Change component parameters (AddParameter): Name = "Datasheet"; Value = "https://item.szlcsc.com/32617.html"; VariantName = "[No Variations]"
Change component parameters (AddParameter): Name = "Date"; Value = "20220127"; VariantName = "[No Variations]"
Change component parameters (AddParameter): Name = "Distributor"; Value = "LCSC Electronics"; VariantName = "[No Variations]"
Change component parameters (AddParameter): Name = "Link sale"; Value = "https://datasheet.lcsc.com/lcsc/1811072020_Samsung-Electro-Mechanics-CL10B683KB8NNNC_C31658.pdf"; VariantName = "[No Variations]"
Change component parameters (AddParameter): Name = "Manufacture"; Value = "Samsung Electro-Mechanics"; VariantName = "[No Variations]"
Change component parameters (AddParameter): Name = "Partnumber"; Value = "CL10B683KB8NNNC"; VariantName = "[No Variations]"
Change component parameters (AddParameter): Name = "Pricing (USD)"; Value = "0.008"; VariantName = "[No Variations]"
Change component parameters (AddParameter): Name = "Value"; Value = "683/50V"; VariantName = "[No Variations]"
Change component parameters: Designator = "C22"; Footprint = "C0603-B"; UniqueID = "\NSDCDCWP\STKTQJHM"
Change component parameters. Clean all parameters for all variants
Change component parameters (AddParameter): Name = "BSH Partnumber"; Value = "C1591"; VariantName = "[No Variations]"
Change component parameters (AddParameter): Name = "ComponentLink1Description"; Value = "Datasheet"; VariantName = "[No Variations]"
Change component parameters (AddParameter): Name = "ComponentLink1URL"; Value = "https://datasheet.lcsc.com/szlcsc/1811021431_Samsung-Electro-Mechanics-CL10B104KB8NNNC_C1591.pdf"; VariantName = "[No Variations]"
Change component parameters (AddParameter): Name = "ComponentLink2Description"; Value = "Link sale"; VariantName = "[No Variations]"
Change component parameters (AddParameter): Name = "ComponentLink2URL"; Value = "https://item.szlcsc.com/1943.html"; VariantName = "[No Variations]"
Change component parameters (AddParameter): Name = "Creator"; Value = "Digo"; VariantName = "[No Variations]"
Change component parameters (AddParameter): Name = "Datasheet"; Value = "https://datasheet.lcsc.com/szlcsc/1811021431_Samsung-Electro-Mechanics-CL10B104KB8NNNC_C1591.pdf"; VariantName = "[No Variations]"
Change component parameters (AddParameter): Name = "Date"; Value = "20210218"; VariantName = "[No Variations]"
Change component parameters (AddParameter): Name = "Distributor"; Value = "LCSC Electronics"; VariantName = "[No Variations]"
Change component parameters (AddParameter): Name = "Link sale"; Value = "https://item.szlcsc.com/1943.html"; VariantName = "[No Variations]"
Change component parameters (AddParameter): Name = "Manufacture"; Value = "Samsung Electro-Mechanics"; VariantName = "[No Variations]"
Change component parameters (AddParameter): Name = "Partnumber"; Value = "CL10B104KB8NNNC"; VariantName = "[No Variations]"
Change component parameters (AddParameter): Name = "Pricing (USD)"; Value = "0.008"; VariantName = "[No Variations]"
Change component parameters (AddParameter): Name = "Value"; Value = "104/50V"; VariantName = "[No Variations]"
Change component parameters: Designator = "C18"; Footprint = "C0603-B"; UniqueID = "\NSDCDCWP\LSQDKOXP"
Change component parameters. Clean all parameters for all variants
Change component parameters (AddParameter): Name = "BSH Partnumber"; Value = "C31658"; VariantName = "[No Variations]"
Change component parameters (AddParameter): Name = "ComponentLink1Description"; Value = "Datasheet"; VariantName = "[No Variations]"
Change component parameters (AddParameter): Name = "ComponentLink1URL"; Value = "https://item.szlcsc.com/32617.html"; VariantName = "[No Variations]"
Change component parameters (AddParameter): Name = "ComponentLink2Description"; Value = "Link sale"; VariantName = "[No Variations]"
Change component parameters (AddParameter): Name = "ComponentLink2URL"; Value = "https://datasheet.lcsc.com/lcsc/1811072020_Samsung-Electro-Mechanics-CL10B683KB8NNNC_C31658.pdf"; VariantName = "[No Variations]"
Change component parameters (AddParameter): Name = "Creator"; Value = "Digo"; VariantName = "[No Variations]"
Change component parameters (AddParameter): Name = "Datasheet"; Value = "https://item.szlcsc.com/32617.html"; VariantName = "[No Variations]"
Change component parameters (AddParameter): Name = "Date"; Value = "20220127"; VariantName = "[No Variations]"
Change component parameters (AddParameter): Name = "Distributor"; Value = "LCSC Electronics"; VariantName = "[No Variations]"
Change component parameters (AddParameter): Name = "Link sale"; Value = "https://datasheet.lcsc.com/lcsc/1811072020_Samsung-Electro-Mechanics-CL10B683KB8NNNC_C31658.pdf"; VariantName = "[No Variations]"
Change component parameters (AddParameter): Name = "Manufacture"; Value = "Samsung Electro-Mechanics"; VariantName = "[No Variations]"
Change component parameters (AddParameter): Name = "Partnumber"; Value = "CL10B683KB8NNNC"; VariantName = "[No Variations]"
Change component parameters (AddParameter): Name = "Pricing (USD)"; Value = "0.008"; VariantName = "[No Variations]"
Change component parameters (AddParameter): Name = "Value"; Value = "683/50V"; VariantName = "[No Variations]"
Change component parameters: Designator = "R21"; Footprint = "R0603-B"; UniqueID = "\NSDCDCWP\BPRVNDIE"
Change component parameters. Clean all parameters for all variants
Change component parameters (AddParameter): Name = "BSH Partnumber"; Value = "R-1k-0603-1"; VariantName = "[No Variations]"
Change component parameters (AddParameter): Name = "ComponentLink1Description"; Value = "Datasheet"; VariantName = "[No Variations]"
Change component parameters (AddParameter): Name = "ComponentLink1URL"; Value = "http://www.mouser.com/ds/2/447/RC0603-272842.pdf"; VariantName = "[No Variations]"
Change component parameters (AddParameter): Name = "ComponentLink2Description"; Value = "Link sale"; VariantName = "[No Variations]"
Change component parameters (AddParameter): Name = "ComponentLink2URL"; Value = "http://vn.mouser.com/ProductDetail/Yageo/RC0603FR-071KL/?qs=%2fha2pyFaduhXXNW8qwNUNqQ9kEEY7HXXvpzZHS3Y0h%2feQEDxZMSpaQ%3d%3d"; VariantName = "[No Variations]"
Change component parameters (AddParameter): Name = "Creator"; Value = "SmartDevice"; VariantName = "[No Variations]"
Change component parameters (AddParameter): Name = "Datasheet"; Value = "http://www.mouser.com/ds/2/447/RC0603-272842.pdf"; VariantName = "[No Variations]"
Change component parameters (AddParameter): Name = "Date"; Value = "20150818"; VariantName = "[No Variations]"
Change component parameters (AddParameter): Name = "Distributor"; Value = "Mouser"; VariantName = "[No Variations]"
Change component parameters (AddParameter): Name = "Link sale"; Value = "http://vn.mouser.com/ProductDetail/Yageo/RC0603FR-071KL/?qs=%2fha2pyFaduhXXNW8qwNUNqQ9kEEY7HXXvpzZHS3Y0h%2feQEDxZMSpaQ%3d%3d"; VariantName = "[No Variations]"
Change component parameters (AddParameter): Name = "Manufacture"; Value = "Yageo"; VariantName = "[No Variations]"
Change component parameters (AddParameter): Name = "Partnumber"; Value = "RC0603FR-071KL"; VariantName = "[No Variations]"
Change component parameters (AddParameter): Name = "Pricing (USD)"; Value = "0.002"; VariantName = "[No Variations]"
Change component parameters (AddParameter): Name = "Value"; Value = "1K/1%"; VariantName = "[No Variations]"
Change component parameters: Designator = "C21"; Footprint = "CAP_3216"; UniqueID = "\NSDCDCWP\QACNXGQK"
Change component parameters. Clean all parameters for all variants
Change component parameters (AddParameter): Name = "LatestRevisionDate"; Value = "17-Jul-2002"; VariantName = "[No Variations]"
Change component parameters (AddParameter): Name = "LatestRevisionNote"; Value = "Re-released for DXP Platform."; VariantName = "[No Variations]"
Change component parameters (AddParameter): Name = "PackageReference"; Value = "POLAR0.8"; VariantName = "[No Variations]"
Change component parameters (AddParameter): Name = "Published"; Value = "8-Jun-2000"; VariantName = "[No Variations]"
Change component parameters (AddParameter): Name = "Publisher"; Value = "Altium Limited"; VariantName = "[No Variations]"
Added Component: Designator=C23(C0603-B)
Add component. Clean all parameters for all variants
Add component (AddParameter): Name = "BSH Partnumber"; Value = "C16033"; VariantName = "[No Variations]"
Add component (AddParameter): Name = "ComponentLink1Description"; Value = "Datasheet"; VariantName = "[No Variations]"
Add component (AddParameter): Name = "ComponentLink1URL"; Value = "https://datasheet.lcsc.com/szlcsc/1810261512_Samsung-Electro-Mechanics-CL10B222KB8NNNC_C16033.pdf"; VariantName = "[No Variations]"
Add component (AddParameter): Name = "ComponentLink2Description"; Value = "Link sale"; VariantName = "[No Variations]"
Add component (AddParameter): Name = "ComponentLink2URL"; Value = "https://lcsc.com/product-detail/Multilayer-Ceramic-Capacitors-MLCC-SMD-SMT_SAMSUNG_CL10B222KB8NNNC_2-2nF-222-10-50V_C16033.html"; VariantName = "[No Variations]"
Add component (AddParameter): Name = "Creator"; Value = "Digo"; VariantName = "[No Variations]"
Add component (AddParameter): Name = "Datasheet"; Value = "https://datasheet.lcsc.com/szlcsc/1810261512_Samsung-Electro-Mechanics-CL10B222KB8NNNC_C16033.pdf"; VariantName = "[No Variations]"
Add component (AddParameter): Name = "Date"; Value = "20210222"; VariantName = "[No Variations]"
Add component (AddParameter): Name = "Distributor"; Value = "LCSC Electronics"; VariantName = "[No Variations]"
Add component (AddParameter): Name = "Link sale"; Value = "https://lcsc.com/product-detail/Multilayer-Ceramic-Capacitors-MLCC-SMD-SMT_SAMSUNG_CL10B222KB8NNNC_2-2nF-222-10-50V_C16033.html"; VariantName = "[No Variations]"
Add component (AddParameter): Name = "Manufacture"; Value = "Samsung Electro-Mechanics"; VariantName = "[No Variations]"
Add component (AddParameter): Name = "Partnumber"; Value = "CL10B222KB8NNNC"; VariantName = "[No Variations]"
Add component (AddParameter): Name = "Pricing (USD)"; Value = "0.008"; VariantName = "[No Variations]"
Add component (AddParameter): Name = "Value"; Value = "222/50V"; VariantName = "[No Variations]"
Added Component: Designator=C24(C0603-B)
Add component. Clean all parameters for all variants
Add component (AddParameter): Name = "BSH Partnumber"; Value = "C1591"; VariantName = "[No Variations]"
Add component (AddParameter): Name = "ComponentLink1Description"; Value = "Datasheet"; VariantName = "[No Variations]"
Add component (AddParameter): Name = "ComponentLink1URL"; Value = "https://datasheet.lcsc.com/szlcsc/1811021431_Samsung-Electro-Mechanics-CL10B104KB8NNNC_C1591.pdf"; VariantName = "[No Variations]"
Add component (AddParameter): Name = "ComponentLink2Description"; Value = "Link sale"; VariantName = "[No Variations]"
Add component (AddParameter): Name = "ComponentLink2URL"; Value = "https://item.szlcsc.com/1943.html"; VariantName = "[No Variations]"
Add component (AddParameter): Name = "Creator"; Value = "Digo"; VariantName = "[No Variations]"
Add component (AddParameter): Name = "Datasheet"; Value = "https://datasheet.lcsc.com/szlcsc/1811021431_Samsung-Electro-Mechanics-CL10B104KB8NNNC_C1591.pdf"; VariantName = "[No Variations]"
Add component (AddParameter): Name = "Date"; Value = "20210218"; VariantName = "[No Variations]"
Add component (AddParameter): Name = "Distributor"; Value = "LCSC Electronics"; VariantName = "[No Variations]"
Add component (AddParameter): Name = "Link sale"; Value = "https://item.szlcsc.com/1943.html"; VariantName = "[No Variations]"
Add component (AddParameter): Name = "Manufacture"; Value = "Samsung Electro-Mechanics"; VariantName = "[No Variations]"
Add component (AddParameter): Name = "Partnumber"; Value = "CL10B104KB8NNNC"; VariantName = "[No Variations]"
Add component (AddParameter): Name = "Pricing (USD)"; Value = "0.008"; VariantName = "[No Variations]"
Add component (AddParameter): Name = "Value"; Value = "104/50V"; VariantName = "[No Variations]"
Added Component: Designator=C25(C0603-B)
Add component. Clean all parameters for all variants
Add component (AddParameter): Name = "BSH Partnumber"; Value = "C1591"; VariantName = "[No Variations]"
Add component (AddParameter): Name = "ComponentLink1Description"; Value = "Datasheet"; VariantName = "[No Variations]"
Add component (AddParameter): Name = "ComponentLink1URL"; Value = "https://datasheet.lcsc.com/szlcsc/1811021431_Samsung-Electro-Mechanics-CL10B104KB8NNNC_C1591.pdf"; VariantName = "[No Variations]"
Add component (AddParameter): Name = "ComponentLink2Description"; Value = "Link sale"; VariantName = "[No Variations]"
Add component (AddParameter): Name = "ComponentLink2URL"; Value = "https://item.szlcsc.com/1943.html"; VariantName = "[No Variations]"
Add component (AddParameter): Name = "Creator"; Value = "Digo"; VariantName = "[No Variations]"
Add component (AddParameter): Name = "Datasheet"; Value = "https://datasheet.lcsc.com/szlcsc/1811021431_Samsung-Electro-Mechanics-CL10B104KB8NNNC_C1591.pdf"; VariantName = "[No Variations]"
Add component (AddParameter): Name = "Date"; Value = "20210218"; VariantName = "[No Variations]"
Add component (AddParameter): Name = "Distributor"; Value = "LCSC Electronics"; VariantName = "[No Variations]"
Add component (AddParameter): Name = "Link sale"; Value = "https://item.szlcsc.com/1943.html"; VariantName = "[No Variations]"
Add component (AddParameter): Name = "Manufacture"; Value = "Samsung Electro-Mechanics"; VariantName = "[No Variations]"
Add component (AddParameter): Name = "Partnumber"; Value = "CL10B104KB8NNNC"; VariantName = "[No Variations]"
Add component (AddParameter): Name = "Pricing (USD)"; Value = "0.008"; VariantName = "[No Variations]"
Add component (AddParameter): Name = "Value"; Value = "104/50V"; VariantName = "[No Variations]"
Added Component: Designator=C26(C0603-B)
Add component. Clean all parameters for all variants
Add component (AddParameter): Name = "BSH Partnumber"; Value = "C1591"; VariantName = "[No Variations]"
Add component (AddParameter): Name = "ComponentLink1Description"; Value = "Datasheet"; VariantName = "[No Variations]"
Add component (AddParameter): Name = "ComponentLink1URL"; Value = "https://datasheet.lcsc.com/szlcsc/1811021431_Samsung-Electro-Mechanics-CL10B104KB8NNNC_C1591.pdf"; VariantName = "[No Variations]"
Add component (AddParameter): Name = "ComponentLink2Description"; Value = "Link sale"; VariantName = "[No Variations]"
Add component (AddParameter): Name = "ComponentLink2URL"; Value = "https://item.szlcsc.com/1943.html"; VariantName = "[No Variations]"
Add component (AddParameter): Name = "Creator"; Value = "Digo"; VariantName = "[No Variations]"
Add component (AddParameter): Name = "Datasheet"; Value = "https://datasheet.lcsc.com/szlcsc/1811021431_Samsung-Electro-Mechanics-CL10B104KB8NNNC_C1591.pdf"; VariantName = "[No Variations]"
Add component (AddParameter): Name = "Date"; Value = "20210218"; VariantName = "[No Variations]"
Add component (AddParameter): Name = "Distributor"; Value = "LCSC Electronics"; VariantName = "[No Variations]"
Add component (AddParameter): Name = "Link sale"; Value = "https://item.szlcsc.com/1943.html"; VariantName = "[No Variations]"
Add component (AddParameter): Name = "Manufacture"; Value = "Samsung Electro-Mechanics"; VariantName = "[No Variations]"
Add component (AddParameter): Name = "Partnumber"; Value = "CL10B104KB8NNNC"; VariantName = "[No Variations]"
Add component (AddParameter): Name = "Pricing (USD)"; Value = "0.008"; VariantName = "[No Variations]"
Add component (AddParameter): Name = "Value"; Value = "104/50V"; VariantName = "[No Variations]"
Added Component: Designator=C27(C0603-B)
Add component. Clean all parameters for all variants
Add component (AddParameter): Name = "BSH Partnumber"; Value = "C1591"; VariantName = "[No Variations]"
Add component (AddParameter): Name = "ComponentLink1Description"; Value = "Datasheet"; VariantName = "[No Variations]"
Add component (AddParameter): Name = "ComponentLink1URL"; Value = "https://datasheet.lcsc.com/szlcsc/1811021431_Samsung-Electro-Mechanics-CL10B104KB8NNNC_C1591.pdf"; VariantName = "[No Variations]"
Add component (AddParameter): Name = "ComponentLink2Description"; Value = "Link sale"; VariantName = "[No Variations]"
Add component (AddParameter): Name = "ComponentLink2URL"; Value = "https://item.szlcsc.com/1943.html"; VariantName = "[No Variations]"
Add component (AddParameter): Name = "Creator"; Value = "Digo"; VariantName = "[No Variations]"
Add component (AddParameter): Name = "Datasheet"; Value = "https://datasheet.lcsc.com/szlcsc/1811021431_Samsung-Electro-Mechanics-CL10B104KB8NNNC_C1591.pdf"; VariantName = "[No Variations]"
Add component (AddParameter): Name = "Date"; Value = "20210218"; VariantName = "[No Variations]"
Add component (AddParameter): Name = "Distributor"; Value = "LCSC Electronics"; VariantName = "[No Variations]"
Add component (AddParameter): Name = "Link sale"; Value = "https://item.szlcsc.com/1943.html"; VariantName = "[No Variations]"
Add component (AddParameter): Name = "Manufacture"; Value = "Samsung Electro-Mechanics"; VariantName = "[No Variations]"
Add component (AddParameter): Name = "Partnumber"; Value = "CL10B104KB8NNNC"; VariantName = "[No Variations]"
Add component (AddParameter): Name = "Pricing (USD)"; Value = "0.008"; VariantName = "[No Variations]"
Add component (AddParameter): Name = "Value"; Value = "104/50V"; VariantName = "[No Variations]"
Added Component: Designator=C28(C0603-B)
Add component. Clean all parameters for all variants
Add component (AddParameter): Name = "BSH Partnumber"; Value = "C1591"; VariantName = "[No Variations]"
Add component (AddParameter): Name = "ComponentLink1Description"; Value = "Datasheet"; VariantName = "[No Variations]"
Add component (AddParameter): Name = "ComponentLink1URL"; Value = "https://datasheet.lcsc.com/szlcsc/1811021431_Samsung-Electro-Mechanics-CL10B104KB8NNNC_C1591.pdf"; VariantName = "[No Variations]"
Add component (AddParameter): Name = "ComponentLink2Description"; Value = "Link sale"; VariantName = "[No Variations]"
Add component (AddParameter): Name = "ComponentLink2URL"; Value = "https://item.szlcsc.com/1943.html"; VariantName = "[No Variations]"
Add component (AddParameter): Name = "Creator"; Value = "Digo"; VariantName = "[No Variations]"
Add component (AddParameter): Name = "Datasheet"; Value = "https://datasheet.lcsc.com/szlcsc/1811021431_Samsung-Electro-Mechanics-CL10B104KB8NNNC_C1591.pdf"; VariantName = "[No Variations]"
Add component (AddParameter): Name = "Date"; Value = "20210218"; VariantName = "[No Variations]"
Add component (AddParameter): Name = "Distributor"; Value = "LCSC Electronics"; VariantName = "[No Variations]"
Add component (AddParameter): Name = "Link sale"; Value = "https://item.szlcsc.com/1943.html"; VariantName = "[No Variations]"
Add component (AddParameter): Name = "Manufacture"; Value = "Samsung Electro-Mechanics"; VariantName = "[No Variations]"
Add component (AddParameter): Name = "Partnumber"; Value = "CL10B104KB8NNNC"; VariantName = "[No Variations]"
Add component (AddParameter): Name = "Pricing (USD)"; Value = "0.008"; VariantName = "[No Variations]"
Add component (AddParameter): Name = "Value"; Value = "104/50V"; VariantName = "[No Variations]"
Added Component: Designator=C29(C0603-B)
Add component. Clean all parameters for all variants
Add component (AddParameter): Name = "BSH Partnumber"; Value = "C1591"; VariantName = "[No Variations]"
Add component (AddParameter): Name = "ComponentLink1Description"; Value = "Datasheet"; VariantName = "[No Variations]"
Add component (AddParameter): Name = "ComponentLink1URL"; Value = "https://datasheet.lcsc.com/szlcsc/1811021431_Samsung-Electro-Mechanics-CL10B104KB8NNNC_C1591.pdf"; VariantName = "[No Variations]"
Add component (AddParameter): Name = "ComponentLink2Description"; Value = "Link sale"; VariantName = "[No Variations]"
Add component (AddParameter): Name = "ComponentLink2URL"; Value = "https://item.szlcsc.com/1943.html"; VariantName = "[No Variations]"
Add component (AddParameter): Name = "Creator"; Value = "Digo"; VariantName = "[No Variations]"
Add component (AddParameter): Name = "Datasheet"; Value = "https://datasheet.lcsc.com/szlcsc/1811021431_Samsung-Electro-Mechanics-CL10B104KB8NNNC_C1591.pdf"; VariantName = "[No Variations]"
Add component (AddParameter): Name = "Date"; Value = "20210218"; VariantName = "[No Variations]"
Add component (AddParameter): Name = "Distributor"; Value = "LCSC Electronics"; VariantName = "[No Variations]"
Add component (AddParameter): Name = "Link sale"; Value = "https://item.szlcsc.com/1943.html"; VariantName = "[No Variations]"
Add component (AddParameter): Name = "Manufacture"; Value = "Samsung Electro-Mechanics"; VariantName = "[No Variations]"
Add component (AddParameter): Name = "Partnumber"; Value = "CL10B104KB8NNNC"; VariantName = "[No Variations]"
Add component (AddParameter): Name = "Pricing (USD)"; Value = "0.008"; VariantName = "[No Variations]"
Add component (AddParameter): Name = "Value"; Value = "104/50V"; VariantName = "[No Variations]"
Added Component: Designator=C30(CAP_3216)
Add component. Clean all parameters for all variants
Add component (AddParameter): Name = "LatestRevisionDate"; Value = "17-Jul-2002"; VariantName = "[No Variations]"
Add component (AddParameter): Name = "LatestRevisionNote"; Value = "Re-released for DXP Platform."; VariantName = "[No Variations]"
Add component (AddParameter): Name = "PackageReference"; Value = "POLAR0.8"; VariantName = "[No Variations]"
Add component (AddParameter): Name = "Published"; Value = "8-Jun-2000"; VariantName = "[No Variations]"
Add component (AddParameter): Name = "Publisher"; Value = "Altium Limited"; VariantName = "[No Variations]"
Added Component: Designator=C31(C0603-C)
Add component. Clean all parameters for all variants
Add component (AddParameter): Name = "BSH Partnumber"; Value = "C19702"; VariantName = "[No Variations]"
Add component (AddParameter): Name = "ComponentLink1Description"; Value = "Datasheet"; VariantName = "[No Variations]"
Add component (AddParameter): Name = "ComponentLink1URL"; Value = "https://datasheet.lcsc.com/szlcsc/1810191219_Samsung-Electro-Mechanics-CL10A106KP8NNNC_C19702.pdf"; VariantName = "[No Variations]"
Add component (AddParameter): Name = "ComponentLink2Description"; Value = "Link sale"; VariantName = "[No Variations]"
Add component (AddParameter): Name = "ComponentLink2URL"; Value = "https://item.szlcsc.com/20411.html"; VariantName = "[No Variations]"
Add component (AddParameter): Name = "Creator"; Value = "Digo"; VariantName = "[No Variations]"
Add component (AddParameter): Name = "Datasheet"; Value = "https://datasheet.lcsc.com/szlcsc/1810191219_Samsung-Electro-Mechanics-CL10A106KP8NNNC_C19702.pdf"; VariantName = "[No Variations]"
Add component (AddParameter): Name = "Date"; Value = "20210219"; VariantName = "[No Variations]"
Add component (AddParameter): Name = "Distributor"; Value = "LCSC Electronics"; VariantName = "[No Variations]"
Add component (AddParameter): Name = "Link sale"; Value = "https://item.szlcsc.com/20411.html"; VariantName = "[No Variations]"
Add component (AddParameter): Name = "Manufacture"; Value = "Samsung Electro-Mechanics"; VariantName = "[No Variations]"
Add component (AddParameter): Name = "Partnumber"; Value = "CL10A106KP8NNNC"; VariantName = "[No Variations]"
Add component (AddParameter): Name = "Pricing (USD)"; Value = "0.008"; VariantName = "[No Variations]"
Add component (AddParameter): Name = "Value"; Value = "106/10V"; VariantName = "[No Variations]"
Added Component: Designator=C32(C0603-B)
Add component. Clean all parameters for all variants
Add component (AddParameter): Name = "BSH Partnumber"; Value = "New part"; VariantName = "[No Variations]"
Add component (AddParameter): Name = "ComponentLink1Description"; Value = "Datasheet"; VariantName = "[No Variations]"
Add component (AddParameter): Name = "ComponentLink1URL"; Value = "https://www.mouser.vn/datasheet/2/585/MLCC-1837944.pdf"; VariantName = "[No Variations]"
Add component (AddParameter): Name = "ComponentLink2Description"; Value = "Link sale"; VariantName = "[No Variations]"
Add component (AddParameter): Name = "ComponentLink2URL"; Value = "https://www.mouser.vn/ProductDetail/Samsung-Electro-Mechanics/CL10A475MQ8NNNC/?qs=X6jEic%2FHinBqyUv6Rpt3UA%3D%3D"; VariantName = "[No Variations]"
Add component (AddParameter): Name = "Creator"; Value = "NamNH"; VariantName = "[No Variations]"
Add component (AddParameter): Name = "Datasheet"; Value = "https://www.mouser.vn/datasheet/2/585/MLCC-1837944.pdf"; VariantName = "[No Variations]"
Add component (AddParameter): Name = "Date"; Value = "20201215"; VariantName = "[No Variations]"
Add component (AddParameter): Name = "Link sale"; Value = "https://www.mouser.vn/ProductDetail/Samsung-Electro-Mechanics/CL10A475MQ8NNNC/?qs=X6jEic%2FHinBqyUv6Rpt3UA%3D%3D"; VariantName = "[No Variations]"
Add component (AddParameter): Name = "Manufacture"; Value = "Samsung Electro-Mechanics"; VariantName = "[No Variations]"
Add component (AddParameter): Name = "Partnumber"; Value = "CL10A475MQ8NNNC"; VariantName = "[No Variations]"
Add component (AddParameter): Name = "Pricing (USD)"; Value = "0.008"; VariantName = "[No Variations]"
Add component (AddParameter): Name = "Value"; Value = "475 / 6.3V"; VariantName = "[No Variations]"
Added Component: Designator=C33(C0603-B)
Add component. Clean all parameters for all variants
Add component (AddParameter): Name = "BSH Partnumber"; Value = "C19702"; VariantName = "[No Variations]"
Add component (AddParameter): Name = "ComponentLink1Description"; Value = "Datasheet"; VariantName = "[No Variations]"
Add component (AddParameter): Name = "ComponentLink1URL"; Value = "https://datasheet.lcsc.com/szlcsc/1810191219_Samsung-Electro-Mechanics-CL10A106KP8NNNC_C19702.pdf"; VariantName = "[No Variations]"
Add component (AddParameter): Name = "ComponentLink2Description"; Value = "Link sale"; VariantName = "[No Variations]"
Add component (AddParameter): Name = "ComponentLink2URL"; Value = "https://item.szlcsc.com/20411.html"; VariantName = "[No Variations]"
Add component (AddParameter): Name = "Creator"; Value = "Digo"; VariantName = "[No Variations]"
Add component (AddParameter): Name = "Datasheet"; Value = "https://datasheet.lcsc.com/szlcsc/1810191219_Samsung-Electro-Mechanics-CL10A106KP8NNNC_C19702.pdf"; VariantName = "[No Variations]"
Add component (AddParameter): Name = "Date"; Value = "20210219"; VariantName = "[No Variations]"
Add component (AddParameter): Name = "Distributor"; Value = "LCSC Electronics"; VariantName = "[No Variations]"
Add component (AddParameter): Name = "Link sale"; Value = "https://item.szlcsc.com/20411.html"; VariantName = "[No Variations]"
Add component (AddParameter): Name = "Manufacture"; Value = "Samsung Electro-Mechanics"; VariantName = "[No Variations]"
Add component (AddParameter): Name = "Partnumber"; Value = "CL10A106KP8NNNC"; VariantName = "[No Variations]"
Add component (AddParameter): Name = "Pricing (USD)"; Value = "0.008"; VariantName = "[No Variations]"
Add component (AddParameter): Name = "Value"; Value = "106/10V"; VariantName = "[No Variations]"
Added Component: Designator=C34(C0603-B)
Add component. Clean all parameters for all variants
Add component (AddParameter): Name = "BSH Partnumber"; Value = "C19702"; VariantName = "[No Variations]"
Add component (AddParameter): Name = "ComponentLink1Description"; Value = "Datasheet"; VariantName = "[No Variations]"
Add component (AddParameter): Name = "ComponentLink1URL"; Value = "https://datasheet.lcsc.com/szlcsc/1810191219_Samsung-Electro-Mechanics-CL10A106KP8NNNC_C19702.pdf"; VariantName = "[No Variations]"
Add component (AddParameter): Name = "ComponentLink2Description"; Value = "Link sale"; VariantName = "[No Variations]"
Add component (AddParameter): Name = "ComponentLink2URL"; Value = "https://item.szlcsc.com/20411.html"; VariantName = "[No Variations]"
Add component (AddParameter): Name = "Creator"; Value = "Digo"; VariantName = "[No Variations]"
Add component (AddParameter): Name = "Datasheet"; Value = "https://datasheet.lcsc.com/szlcsc/1810191219_Samsung-Electro-Mechanics-CL10A106KP8NNNC_C19702.pdf"; VariantName = "[No Variations]"
Add component (AddParameter): Name = "Date"; Value = "20210219"; VariantName = "[No Variations]"
Add component (AddParameter): Name = "Distributor"; Value = "LCSC Electronics"; VariantName = "[No Variations]"
Add component (AddParameter): Name = "Link sale"; Value = "https://item.szlcsc.com/20411.html"; VariantName = "[No Variations]"
Add component (AddParameter): Name = "Manufacture"; Value = "Samsung Electro-Mechanics"; VariantName = "[No Variations]"
Add component (AddParameter): Name = "Partnumber"; Value = "CL10A106KP8NNNC"; VariantName = "[No Variations]"
Add component (AddParameter): Name = "Pricing (USD)"; Value = "0.008"; VariantName = "[No Variations]"
Add component (AddParameter): Name = "Value"; Value = "106/10V"; VariantName = "[No Variations]"
Added Component: Designator=FB1(FB0805-B)
Add component. Clean all parameters for all variants
Add component (AddParameter): Name = "BSH Partnumber"; Value = "C67451"; VariantName = "[No Variations]"
Add component (AddParameter): Name = "ComponentLink1Description"; Value = "Datasheet"; VariantName = "[No Variations]"
Add component (AddParameter): Name = "ComponentLink1URL"; Value = "https://datasheet.lcsc.com/lcsc/1811061723_FH-Guangdong-Fenghua-Advanced-Tech-CBW201209U301T_C67451.pdf"; VariantName = "[No Variations]"
Add component (AddParameter): Name = "ComponentLink2Description"; Value = "Link sale"; VariantName = "[No Variations]"
Add component (AddParameter): Name = "ComponentLink2URL"; Value = "https://item.szlcsc.com/68546.html"; VariantName = "[No Variations]"
Add component (AddParameter): Name = "Creator"; Value = "Digo"; VariantName = "[No Variations]"
Add component (AddParameter): Name = "Datasheet"; Value = "https://datasheet.lcsc.com/lcsc/1811061723_FH-Guangdong-Fenghua-Advanced-Tech-CBW201209U301T_C67451.pdf"; VariantName = "[No Variations]"
Add component (AddParameter): Name = "Date"; Value = "20211109"; VariantName = "[No Variations]"
Add component (AddParameter): Name = "Distributor"; Value = "LCSC Electronics"; VariantName = "[No Variations]"
Add component (AddParameter): Name = "Link sale"; Value = "https://item.szlcsc.com/68546.html"; VariantName = "[No Variations]"
Add component (AddParameter): Name = "Manufacture"; Value = "FH"; VariantName = "[No Variations]"
Add component (AddParameter): Name = "Partnumber"; Value = "CBW201209U301T"; VariantName = "[No Variations]"
Add component (AddParameter): Name = "Pricing (USD)"; Value = "0.032"; VariantName = "[No Variations]"
Add component (AddParameter): Name = "Value"; Value = "300 Ohms"; VariantName = "[No Variations]"
Added Component: Designator=R23(R0603-B)
Add component. Clean all parameters for all variants
Add component (AddParameter): Name = "BSH Partnumber"; Value = "R-33R-0603-5"; VariantName = "[No Variations]"
Add component (AddParameter): Name = "ComponentLink1Description"; Value = "Datasheet"; VariantName = "[No Variations]"
Add component (AddParameter): Name = "ComponentLink1URL"; Value = "http://www.mouser.com/ds/2/447/RC0603-272842.pdf"; VariantName = "[No Variations]"
Add component (AddParameter): Name = "ComponentLink2Description"; Value = "Link sale"; VariantName = "[No Variations]"
Add component (AddParameter): Name = "ComponentLink2URL"; Value = "http://vn.mouser.com/ProductDetail/Yageo/RC0603JR-0733RL/?qs=%2fha2pyFaduiI%252b%2f%2fp%2fYhTTdPtw1Ix8qdvSFVlr4feI0MvuVkMxYqj1w%3d%3d"; VariantName = "[No Variations]"
Add component (AddParameter): Name = "Creator"; Value = "ChienNQ"; VariantName = "[No Variations]"
Add component (AddParameter): Name = "Datasheet"; Value = "http://www.mouser.com/ds/2/447/RC0603-272842.pdf"; VariantName = "[No Variations]"
Add component (AddParameter): Name = "Date"; Value = "20150818"; VariantName = "[No Variations]"
Add component (AddParameter): Name = "Link sale"; Value = "http://vn.mouser.com/ProductDetail/Yageo/RC0603JR-0733RL/?qs=%2fha2pyFaduiI%252b%2f%2fp%2fYhTTdPtw1Ix8qdvSFVlr4feI0MvuVkMxYqj1w%3d%3d"; VariantName = "[No Variations]"
Add component (AddParameter): Name = "Manufacture"; Value = "Yageo"; VariantName = "[No Variations]"
Add component (AddParameter): Name = "Partnumber"; Value = "RC0603JR-0733RL"; VariantName = "[No Variations]"
Add component (AddParameter): Name = "Pricing (USD)"; Value = "0.002"; VariantName = "[No Variations]"
Add component (AddParameter): Name = "Value"; Value = "330"; VariantName = "[No Variations]"
Added Component: Designator=R24(R0603-B)
Add component. Clean all parameters for all variants
Add component (AddParameter): Name = "BSH Partnumber"; Value = "R-33R-0603-5"; VariantName = "[No Variations]"
Add component (AddParameter): Name = "ComponentLink1Description"; Value = "Datasheet"; VariantName = "[No Variations]"
Add component (AddParameter): Name = "ComponentLink1URL"; Value = "http://www.mouser.com/ds/2/447/RC0603-272842.pdf"; VariantName = "[No Variations]"
Add component (AddParameter): Name = "ComponentLink2Description"; Value = "Link sale"; VariantName = "[No Variations]"
Add component (AddParameter): Name = "ComponentLink2URL"; Value = "http://vn.mouser.com/ProductDetail/Yageo/RC0603JR-0733RL/?qs=%2fha2pyFaduiI%252b%2f%2fp%2fYhTTdPtw1Ix8qdvSFVlr4feI0MvuVkMxYqj1w%3d%3d"; VariantName = "[No Variations]"
Add component (AddParameter): Name = "Creator"; Value = "ChienNQ"; VariantName = "[No Variations]"
Add component (AddParameter): Name = "Datasheet"; Value = "http://www.mouser.com/ds/2/447/RC0603-272842.pdf"; VariantName = "[No Variations]"
Add component (AddParameter): Name = "Date"; Value = "20150818"; VariantName = "[No Variations]"
Add component (AddParameter): Name = "Link sale"; Value = "http://vn.mouser.com/ProductDetail/Yageo/RC0603JR-0733RL/?qs=%2fha2pyFaduiI%252b%2f%2fp%2fYhTTdPtw1Ix8qdvSFVlr4feI0MvuVkMxYqj1w%3d%3d"; VariantName = "[No Variations]"
Add component (AddParameter): Name = "Manufacture"; Value = "Yageo"; VariantName = "[No Variations]"
Add component (AddParameter): Name = "Partnumber"; Value = "RC0603JR-0733RL"; VariantName = "[No Variations]"
Add component (AddParameter): Name = "Pricing (USD)"; Value = "0.002"; VariantName = "[No Variations]"
Add component (AddParameter): Name = "Value"; Value = "330"; VariantName = "[No Variations]"
Added Component: Designator=R26(R0603-B)
Add component. Clean all parameters for all variants
Add component (AddParameter): Name = "BSH Partnumber"; Value = "R-33R-0603-5"; VariantName = "[No Variations]"
Add component (AddParameter): Name = "ComponentLink1Description"; Value = "Datasheet"; VariantName = "[No Variations]"
Add component (AddParameter): Name = "ComponentLink1URL"; Value = "http://www.mouser.com/ds/2/447/RC0603-272842.pdf"; VariantName = "[No Variations]"
Add component (AddParameter): Name = "ComponentLink2Description"; Value = "Link sale"; VariantName = "[No Variations]"
Add component (AddParameter): Name = "ComponentLink2URL"; Value = "http://vn.mouser.com/ProductDetail/Yageo/RC0603JR-0733RL/?qs=%2fha2pyFaduiI%252b%2f%2fp%2fYhTTdPtw1Ix8qdvSFVlr4feI0MvuVkMxYqj1w%3d%3d"; VariantName = "[No Variations]"
Add component (AddParameter): Name = "Creator"; Value = "ChienNQ"; VariantName = "[No Variations]"
Add component (AddParameter): Name = "Datasheet"; Value = "http://www.mouser.com/ds/2/447/RC0603-272842.pdf"; VariantName = "[No Variations]"
Add component (AddParameter): Name = "Date"; Value = "20150818"; VariantName = "[No Variations]"
Add component (AddParameter): Name = "Link sale"; Value = "http://vn.mouser.com/ProductDetail/Yageo/RC0603JR-0733RL/?qs=%2fha2pyFaduiI%252b%2f%2fp%2fYhTTdPtw1Ix8qdvSFVlr4feI0MvuVkMxYqj1w%3d%3d"; VariantName = "[No Variations]"
Add component (AddParameter): Name = "Manufacture"; Value = "Yageo"; VariantName = "[No Variations]"
Add component (AddParameter): Name = "Partnumber"; Value = "RC0603JR-0733RL"; VariantName = "[No Variations]"
Add component (AddParameter): Name = "Pricing (USD)"; Value = "0.002"; VariantName = "[No Variations]"
Add component (AddParameter): Name = "Value"; Value = "330"; VariantName = "[No Variations]"
Added Component: Designator=R27(R0603-B)
Add component. Clean all parameters for all variants
Add component (AddParameter): Name = "BSH Partnumber"; Value = "R-33R-0603-5"; VariantName = "[No Variations]"
Add component (AddParameter): Name = "ComponentLink1Description"; Value = "Datasheet"; VariantName = "[No Variations]"
Add component (AddParameter): Name = "ComponentLink1URL"; Value = "http://www.mouser.com/ds/2/447/RC0603-272842.pdf"; VariantName = "[No Variations]"
Add component (AddParameter): Name = "ComponentLink2Description"; Value = "Link sale"; VariantName = "[No Variations]"
Add component (AddParameter): Name = "ComponentLink2URL"; Value = "http://vn.mouser.com/ProductDetail/Yageo/RC0603JR-0733RL/?qs=%2fha2pyFaduiI%252b%2f%2fp%2fYhTTdPtw1Ix8qdvSFVlr4feI0MvuVkMxYqj1w%3d%3d"; VariantName = "[No Variations]"
Add component (AddParameter): Name = "Creator"; Value = "ChienNQ"; VariantName = "[No Variations]"
Add component (AddParameter): Name = "Datasheet"; Value = "http://www.mouser.com/ds/2/447/RC0603-272842.pdf"; VariantName = "[No Variations]"
Add component (AddParameter): Name = "Date"; Value = "20150818"; VariantName = "[No Variations]"
Add component (AddParameter): Name = "Link sale"; Value = "http://vn.mouser.com/ProductDetail/Yageo/RC0603JR-0733RL/?qs=%2fha2pyFaduiI%252b%2f%2fp%2fYhTTdPtw1Ix8qdvSFVlr4feI0MvuVkMxYqj1w%3d%3d"; VariantName = "[No Variations]"
Add component (AddParameter): Name = "Manufacture"; Value = "Yageo"; VariantName = "[No Variations]"
Add component (AddParameter): Name = "Partnumber"; Value = "RC0603JR-0733RL"; VariantName = "[No Variations]"
Add component (AddParameter): Name = "Pricing (USD)"; Value = "0.002"; VariantName = "[No Variations]"
Add component (AddParameter): Name = "Value"; Value = "330"; VariantName = "[No Variations]"
Added Component: Designator=R29(R0603-B)
Add component. Clean all parameters for all variants
Add component (AddParameter): Name = "BSH Partnumber"; Value = "C109317"; VariantName = "[No Variations]"
Add component (AddParameter): Name = "ComponentLink1Description"; Value = "Datasheet"; VariantName = "[No Variations]"
Add component (AddParameter): Name = "ComponentLink1URL"; Value = "https://datasheet.lcsc.com/lcsc/1810010232_YAGEO-RC0603JR-0710RL_C109317.pdf"; VariantName = "[No Variations]"
Add component (AddParameter): Name = "ComponentLink2Description"; Value = "Link sale"; VariantName = "[No Variations]"
Add component (AddParameter): Name = "ComponentLink2URL"; Value = "https://item.szlcsc.com/110538.html"; VariantName = "[No Variations]"
Add component (AddParameter): Name = "Creator"; Value = "Digo"; VariantName = "[No Variations]"
Add component (AddParameter): Name = "Datasheet"; Value = "https://datasheet.lcsc.com/lcsc/1810010232_YAGEO-RC0603JR-0710RL_C109317.pdf"; VariantName = "[No Variations]"
Add component (AddParameter): Name = "Date"; Value = "20150818"; VariantName = "[No Variations]"
Add component (AddParameter): Name = "Distributor"; Value = "LCSC Electronics"; VariantName = "[No Variations]"
Add component (AddParameter): Name = "Link sale"; Value = "https://item.szlcsc.com/110538.html"; VariantName = "[No Variations]"
Add component (AddParameter): Name = "Manufacture"; Value = "Yageo"; VariantName = "[No Variations]"
Add component (AddParameter): Name = "Partnumber"; Value = "RC0603JR-0710RL"; VariantName = "[No Variations]"
Add component (AddParameter): Name = "Pricing (USD)"; Value = "0.002"; VariantName = "[No Variations]"
Add component (AddParameter): Name = "Value"; Value = "10R/5%"; VariantName = "[No Variations]"
Added Component: Designator=R30(R0603-B)
Add component. Clean all parameters for all variants
Add component (AddParameter): Name = "BSH Partnumber"; Value = "R-12K4-0603-1"; VariantName = "[No Variations]"
Add component (AddParameter): Name = "ComponentLink1Description"; Value = "Datasheet"; VariantName = "[No Variations]"
Add component (AddParameter): Name = "ComponentLink1URL"; Value = "http://www.mouser.com/ds/2/447/RC0603-272842.pdf"; VariantName = "[No Variations]"
Add component (AddParameter): Name = "ComponentLink2Description"; Value = "Link sale"; VariantName = "[No Variations]"
Add component (AddParameter): Name = "ComponentLink2URL"; Value = "http://vn.mouser.com/ProductDetail/Yageo/RC0603FR-0712K4L/?qs=%2fha2pyFaduhXXNW8qwNUNtQbIe9NkWgBBZ6AkwbdyUcbVAv%2f5NVMmA%3d%3d"; VariantName = "[No Variations]"
Add component (AddParameter): Name = "Creator"; Value = "ChienNQ"; VariantName = "[No Variations]"
Add component (AddParameter): Name = "Datasheet"; Value = "http://www.mouser.com/ds/2/447/RC0603-272842.pdf"; VariantName = "[No Variations]"
Add component (AddParameter): Name = "Date"; Value = "20150818"; VariantName = "[No Variations]"
Add component (AddParameter): Name = "Link sale"; Value = "http://vn.mouser.com/ProductDetail/Yageo/RC0603FR-0712K4L/?qs=%2fha2pyFaduhXXNW8qwNUNtQbIe9NkWgBBZ6AkwbdyUcbVAv%2f5NVMmA%3d%3d"; VariantName = "[No Variations]"
Add component (AddParameter): Name = "Manufacture"; Value = "Yageo"; VariantName = "[No Variations]"
Add component (AddParameter): Name = "Partnumber"; Value = "RC0603FR-0712K4L"; VariantName = "[No Variations]"
Add component (AddParameter): Name = "Pricing (USD)"; Value = "0.002"; VariantName = "[No Variations]"
Add component (AddParameter): Name = "Value"; Value = "12K4"; VariantName = "[No Variations]"
Added Component: Designator=R31(R0603-B)
Add component. Clean all parameters for all variants
Add component (AddParameter): Name = "BSH Partnumber"; Value = "R-330R-0603-5"; VariantName = "[No Variations]"
Add component (AddParameter): Name = "ComponentLink1Description"; Value = "Datasheet"; VariantName = "[No Variations]"
Add component (AddParameter): Name = "ComponentLink1URL"; Value = "http://www.mouser.com/ds/2/447/RC0603-272842.pdf"; VariantName = "[No Variations]"
Add component (AddParameter): Name = "ComponentLink2Description"; Value = "Link sale"; VariantName = "[No Variations]"
Add component (AddParameter): Name = "ComponentLink2URL"; Value = "http://vn.mouser.com/ProductDetail/Yageo/RC0603JR-07330RL/?qs=sGAEpiMZZMu61qfTUdNhG0fejjHH2KXS1w8pBW1iJYA%3d"; VariantName = "[No Variations]"
Add component (AddParameter): Name = "Creator"; Value = "SmartDevice"; VariantName = "[No Variations]"
Add component (AddParameter): Name = "Datasheet"; Value = "http://www.mouser.com/ds/2/447/RC0603-272842.pdf"; VariantName = "[No Variations]"
Add component (AddParameter): Name = "Date"; Value = "20150818"; VariantName = "[No Variations]"
Add component (AddParameter): Name = "Distributor"; Value = "Mouser"; VariantName = "[No Variations]"
Add component (AddParameter): Name = "Link sale"; Value = "http://vn.mouser.com/ProductDetail/Yageo/RC0603JR-07330RL/?qs=sGAEpiMZZMu61qfTUdNhG0fejjHH2KXS1w8pBW1iJYA%3d"; VariantName = "[No Variations]"
Add component (AddParameter): Name = "Manufacture"; Value = "Yageo"; VariantName = "[No Variations]"
Add component (AddParameter): Name = "Partnumber"; Value = "RC0603JR-07330RL"; VariantName = "[No Variations]"
Add component (AddParameter): Name = "Pricing (USD)"; Value = "0.002"; VariantName = "[No Variations]"
Add component (AddParameter): Name = "Value"; Value = "330R/5%"; VariantName = "[No Variations]"
Added Component: Designator=R32(R0603-B)
Add component. Clean all parameters for all variants
Add component (AddParameter): Name = "BSH Partnumber"; Value = "R-330R-0603-5"; VariantName = "[No Variations]"
Add component (AddParameter): Name = "ComponentLink1Description"; Value = "Datasheet"; VariantName = "[No Variations]"
Add component (AddParameter): Name = "ComponentLink1URL"; Value = "http://www.mouser.com/ds/2/447/RC0603-272842.pdf"; VariantName = "[No Variations]"
Add component (AddParameter): Name = "ComponentLink2Description"; Value = "Link sale"; VariantName = "[No Variations]"
Add component (AddParameter): Name = "ComponentLink2URL"; Value = "http://vn.mouser.com/ProductDetail/Yageo/RC0603JR-07330RL/?qs=sGAEpiMZZMu61qfTUdNhG0fejjHH2KXS1w8pBW1iJYA%3d"; VariantName = "[No Variations]"
Add component (AddParameter): Name = "Creator"; Value = "SmartDevice"; VariantName = "[No Variations]"
Add component (AddParameter): Name = "Datasheet"; Value = "http://www.mouser.com/ds/2/447/RC0603-272842.pdf"; VariantName = "[No Variations]"
Add component (AddParameter): Name = "Date"; Value = "20150818"; VariantName = "[No Variations]"
Add component (AddParameter): Name = "Distributor"; Value = "Mouser"; VariantName = "[No Variations]"
Add component (AddParameter): Name = "Link sale"; Value = "http://vn.mouser.com/ProductDetail/Yageo/RC0603JR-07330RL/?qs=sGAEpiMZZMu61qfTUdNhG0fejjHH2KXS1w8pBW1iJYA%3d"; VariantName = "[No Variations]"
Add component (AddParameter): Name = "Manufacture"; Value = "Yageo"; VariantName = "[No Variations]"
Add component (AddParameter): Name = "Partnumber"; Value = "RC0603JR-07330RL"; VariantName = "[No Variations]"
Add component (AddParameter): Name = "Pricing (USD)"; Value = "0.002"; VariantName = "[No Variations]"
Add component (AddParameter): Name = "Value"; Value = "330R/5%"; VariantName = "[No Variations]"
Added Component: Designator=R33(R0603-B)
Add component. Clean all parameters for all variants
Add component (AddParameter): Name = "BSH Partnumber"; Value = "R-2M-0603-5"; VariantName = "[No Variations]"
Add component (AddParameter): Name = "ComponentLink1Description"; Value = "Datasheet"; VariantName = "[No Variations]"
Add component (AddParameter): Name = "ComponentLink1URL"; Value = "http://www.yageo.com.tw/exep/pages/download/literatures/PYu-R_INT-thick_7.pdf"; VariantName = "[No Variations]"
Add component (AddParameter): Name = "ComponentLink2Description"; Value = "Link sale"; VariantName = "[No Variations]"
Add component (AddParameter): Name = "ComponentLink2URL"; Value = "https://www.digikey.com/product-detail/en/yageo/RC0603JR-072ML/311-2.0MGRCT-ND/729674"; VariantName = "[No Variations]"
Add component (AddParameter): Name = "Creator"; Value = "NamNHc"; VariantName = "[No Variations]"
Add component (AddParameter): Name = "Datasheet"; Value = "http://www.yageo.com.tw/exep/pages/download/literatures/PYu-R_INT-thick_7.pdf"; VariantName = "[No Variations]"
Add component (AddParameter): Name = "Date"; Value = "20170605"; VariantName = "[No Variations]"
Add component (AddParameter): Name = "Distributor"; Value = "Mouser"; VariantName = "[No Variations]"
Add component (AddParameter): Name = "Link sale"; Value = "https://www.digikey.com/product-detail/en/yageo/RC0603JR-072ML/311-2.0MGRCT-ND/729674"; VariantName = "[No Variations]"
Add component (AddParameter): Name = "Manufacture"; Value = "Yageo"; VariantName = "[No Variations]"
Add component (AddParameter): Name = "Partnumber"; Value = "RC0603JR-072ML"; VariantName = "[No Variations]"
Add component (AddParameter): Name = "Pricing (USD)"; Value = "0.002"; VariantName = "[No Variations]"
Add component (AddParameter): Name = "Value"; Value = "2M/5%"; VariantName = "[No Variations]"
Added Component: Designator=R34(R0603-B)
Add component. Clean all parameters for all variants
Add component (AddParameter): Name = "BSH Partnumber"; Value = "C95177"; VariantName = "[No Variations]"
Add component (AddParameter): Name = "ComponentLink1Description"; Value = "Datasheet"; VariantName = "[No Variations]"
Add component (AddParameter): Name = "ComponentLink1URL"; Value = "https://datasheet.lcsc.com/lcsc/1809281528_YAGEO-RC0603JR-070RL_C95177.pdf"; VariantName = "[No Variations]"
Add component (AddParameter): Name = "ComponentLink2Description"; Value = "Link sale"; VariantName = "[No Variations]"
Add component (AddParameter): Name = "ComponentLink2URL"; Value = "https://item.szlcsc.com/96378.html"; VariantName = "[No Variations]"
Add component (AddParameter): Name = "Creator"; Value = "Digo"; VariantName = "[No Variations]"
Add component (AddParameter): Name = "Datasheet"; Value = "https://datasheet.lcsc.com/lcsc/1809281528_YAGEO-RC0603JR-070RL_C95177.pdf"; VariantName = "[No Variations]"
Add component (AddParameter): Name = "Date"; Value = "20160716"; VariantName = "[No Variations]"
Add component (AddParameter): Name = "Distributor"; Value = "LCSC Electronics"; VariantName = "[No Variations]"
Add component (AddParameter): Name = "Link sale"; Value = "https://item.szlcsc.com/96378.html"; VariantName = "[No Variations]"
Add component (AddParameter): Name = "Manufacture"; Value = "Yageo"; VariantName = "[No Variations]"
Add component (AddParameter): Name = "Partnumber"; Value = "RC0603JR-070RL"; VariantName = "[No Variations]"
Add component (AddParameter): Name = "Pricing (USD)"; Value = "0.002"; VariantName = "[No Variations]"
Add component (AddParameter): Name = "Value"; Value = "0R"; VariantName = "[No Variations]"
Added Component: Designator=SW3(SW0.5 NO)
Add component. Clean all parameters for all variants
Add component (AddParameter): Name = "BSH Partnumber"; Value = "New part"; VariantName = "[No Variations]"
Add component (AddParameter): Name = "ComponentLink1Description"; Value = "Datasheet"; VariantName = "[No Variations]"
Add component (AddParameter): Name = "ComponentLink2Description"; Value = "Link sale"; VariantName = "[No Variations]"
Add component (AddParameter): Name = "Creator"; Value = "NamNH"; VariantName = "[No Variations]"
Add component (AddParameter): Name = "Date"; Value = "20201009"; VariantName = "[No Variations]"
Add component (AddParameter): Name = "Distributor"; Value = "Mouser"; VariantName = "[No Variations]"
Add component (AddParameter): Name = "Manufacture"; Value = "Wething"; VariantName = "[No Variations]"
Add component (AddParameter): Name = "Partnumber"; Value = "PCB Switch NO"; VariantName = "[No Variations]"
Add component (AddParameter): Name = "Pricing (USD)"; Value = "0.32"; VariantName = "[No Variations]"
Added Component: Designator=SW4(SW0.5 NO)
Add component. Clean all parameters for all variants
Add component (AddParameter): Name = "BSH Partnumber"; Value = "New part"; VariantName = "[No Variations]"
Add component (AddParameter): Name = "ComponentLink1Description"; Value = "Datasheet"; VariantName = "[No Variations]"
Add component (AddParameter): Name = "ComponentLink2Description"; Value = "Link sale"; VariantName = "[No Variations]"
Add component (AddParameter): Name = "Creator"; Value = "NamNH"; VariantName = "[No Variations]"
Add component (AddParameter): Name = "Date"; Value = "20201009"; VariantName = "[No Variations]"
Add component (AddParameter): Name = "Distributor"; Value = "Mouser"; VariantName = "[No Variations]"
Add component (AddParameter): Name = "Manufacture"; Value = "Wething"; VariantName = "[No Variations]"
Add component (AddParameter): Name = "Partnumber"; Value = "PCB Switch NO"; VariantName = "[No Variations]"
Add component (AddParameter): Name = "Pricing (USD)"; Value = "0.32"; VariantName = "[No Variations]"
Added Component: Designator=SW5(SW0.5 NO)
Add component. Clean all parameters for all variants
Add component (AddParameter): Name = "BSH Partnumber"; Value = "New part"; VariantName = "[No Variations]"
Add component (AddParameter): Name = "ComponentLink1Description"; Value = "Datasheet"; VariantName = "[No Variations]"
Add component (AddParameter): Name = "ComponentLink2Description"; Value = "Link sale"; VariantName = "[No Variations]"
Add component (AddParameter): Name = "Creator"; Value = "NamNH"; VariantName = "[No Variations]"
Add component (AddParameter): Name = "Date"; Value = "20201009"; VariantName = "[No Variations]"
Add component (AddParameter): Name = "Distributor"; Value = "Mouser"; VariantName = "[No Variations]"
Add component (AddParameter): Name = "Manufacture"; Value = "Wething"; VariantName = "[No Variations]"
Add component (AddParameter): Name = "Partnumber"; Value = "PCB Switch NO"; VariantName = "[No Variations]"
Add component (AddParameter): Name = "Pricing (USD)"; Value = "0.32"; VariantName = "[No Variations]"
Added Pin To Net: NetName=TPIN- Pin=C18-1
Added Pin To Net: NetName=NetC21_2 Pin=C19-1
Added Pin To Net: NetName=TPIN+ Pin=C20-1
Added Pin To Net: NetName=+3V3 Pin=C21-1
Added Pin To Net: NetName=GND Pin=C21-2
Added Pin To Net: NetName=+3V3 Pin=C22-2
Added Pin To Net: NetName=GND Pin=C23-1
Added Pin To Net: NetName=GND Pin=C24-1
Added Pin To Net: NetName=GND Pin=C24-2
Added Pin To Net: NetName=GND Pin=C25-1
Added Pin To Net: NetName=GND Pin=C25-2
Added Pin To Net: NetName=GND Pin=C26-1
Added Pin To Net: NetName=GND Pin=C26-2
Added Pin To Net: NetName=GND Pin=C27-1
Added Pin To Net: NetName=GND Pin=C27-2
Added Pin To Net: NetName=GND Pin=C28-1
Added Pin To Net: NetName=GND Pin=C28-2
Added Pin To Net: NetName=GND Pin=C29-1
Added Pin To Net: NetName=GND Pin=C29-2
Added Pin To Net: NetName=GND Pin=C30-1
Added Pin To Net: NetName=GND Pin=C30-2
Added Pin To Net: NetName=GND Pin=C31-1
Added Pin To Net: NetName=GND Pin=C32-1
Added Pin To Net: NetName=GND Pin=C33-1
Added Pin To Net: NetName=GND Pin=C34-1
Added Pin To Net: NetName=NetC18_2 Pin=CN2-6
Added Pin To Net: NetName=+3V3 Pin=CN2-9
Added Pin To Net: NetName=+3V3 Pin=CN2-12
Added Pin To Net: NetName=+3V3 Pin=FB1-1
Added Pin To Net: NetName=GND Pin=FB1-2
Added Pin To Net: NetName=+3V3 Pin=R18-1
Added Pin To Net: NetName=+3V3 Pin=R21-1
Added Pin To Net: NetName=TPOUT- Pin=R23-1
Added Pin To Net: NetName=TPOUT+ Pin=R24-1
Added Pin To Net: NetName=GND Pin=R25-2
Added Pin To Net: NetName=TPIN- Pin=R26-1
Added Pin To Net: NetName=TPIN+ Pin=R27-1
Added Pin To Net: NetName=GND Pin=R28-1
Added Pin To Net: NetName=GND Pin=R29-2
Added Pin To Net: NetName=GND Pin=R30-1
Added Pin To Net: NetName=GND Pin=SW3-2
Added Pin To Net: NetName=GND Pin=SW4-2
Added Pin To Net: NetName=GND Pin=SW5-2
Added Pin To Net: NetName=GND Pin=U3-3
Added Pin To Net: NetName=GND Pin=U3-4
Added Pin To Net: NetName=GND Pin=U3-8
Added Pin To Net: NetName=GND Pin=U3-9
Added Pin To Net: NetName=GND Pin=U3-14
Added Pin To Net: NetName=GND Pin=U3-15
Added Pin To Net: NetName=GND Pin=U3-16
Added Pin To Net: NetName=GND Pin=U3-17
Added Pin To Net: NetName=GND Pin=U3-19
Added Pin To Net: NetName=GND Pin=U3-29
Added Pin To Net: NetName=GND Pin=U3-48
Change Net Name : Old Net Name=GND New Net Name=+3V3A
Change Net Name : Old Net Name=NetC21_2 New Net Name=NetC19_1
Added Pin To Net: NetName=ACTLED Pin=R31-1
Added Pin To Net: NetName=ACTLED Pin=U3-27
Added Net: Name=ACTLED
Added Pin To Net: NetName=LINKLED Pin=R32-1
Added Pin To Net: NetName=LINKLED Pin=U3-25
Added Net: Name=LINKLED
Added Pin To Net: NetName=NetC20_2 Pin=C20-2
Added Pin To Net: NetName=NetC20_2 Pin=CN2-3
Added Net: Name=NetC20_2
Added Pin To Net: NetName=NetC23_2 Pin=C23-2
Added Pin To Net: NetName=NetC23_2 Pin=CN2-4
Added Pin To Net: NetName=NetC23_2 Pin=R29-1
Added Net: Name=NetC23_2
Added Pin To Net: NetName=NetC31_2 Pin=C31-2
Added Pin To Net: NetName=NetC31_2 Pin=U3-22
Added Net: Name=NetC31_2
Added Pin To Net: NetName=NetC32_2 Pin=C32-2
Added Pin To Net: NetName=NetC32_2 Pin=U3-20
Added Net: Name=NetC32_2
Added Pin To Net: NetName=NetC33_2 Pin=C33-2
Added Pin To Net: NetName=NetC33_2 Pin=R34-1
Added Pin To Net: NetName=NetC33_2 Pin=XT1-1
Added Net: Name=NetC33_2
Added Pin To Net: NetName=NetCN2_10 Pin=CN2-10
Added Pin To Net: NetName=NetCN2_10 Pin=R31-2
Added Net: Name=NetCN2_10
Added Pin To Net: NetName=NetCN2_11 Pin=CN2-11
Added Pin To Net: NetName=NetCN2_11 Pin=R32-2
Added Net: Name=NetCN2_11
Added Pin To Net: NetName=NetR18_2 Pin=R18-2
Added Pin To Net: NetName=NetR18_2 Pin=SW3-1
Added Pin To Net: NetName=NetR18_2 Pin=U3-45
Added Net: Name=NetR18_2
Added Pin To Net: NetName=NetR19_2 Pin=R19-2
Added Pin To Net: NetName=NetR19_2 Pin=SW4-1
Added Pin To Net: NetName=NetR19_2 Pin=U3-44
Added Net: Name=NetR19_2
Added Pin To Net: NetName=NetR21_2 Pin=R21-2
Added Pin To Net: NetName=NetR21_2 Pin=SW5-1
Added Pin To Net: NetName=NetR21_2 Pin=U3-43
Added Net: Name=NetR21_2
Added Pin To Net: NetName=NetR23_2 Pin=R23-2
Added Pin To Net: NetName=NetR23_2 Pin=U3-1
Added Net: Name=NetR23_2
Added Pin To Net: NetName=NetR24_2 Pin=R24-2
Added Pin To Net: NetName=NetR24_2 Pin=U3-2
Added Net: Name=NetR24_2
Added Pin To Net: NetName=NetR26_2 Pin=R26-2
Added Pin To Net: NetName=NetR26_2 Pin=U3-5
Added Net: Name=NetR26_2
Added Pin To Net: NetName=NetR27_2 Pin=R27-2
Added Pin To Net: NetName=NetR27_2 Pin=U3-6
Added Net: Name=NetR27_2
Added Pin To Net: NetName=NetR30_2 Pin=R30-2
Added Pin To Net: NetName=NetR30_2 Pin=U3-12
Added Net: Name=NetR30_2
Added Pin To Net: NetName=NetU2_11 Pin=U2-11
Added Pin To Net: NetName=NetU2_11 Pin=U3-36
Added Net: Name=NetU2_11
Added Pin To Net: NetName=RSTn Pin=U2-12
Added Pin To Net: NetName=RSTn Pin=U3-37
Added Net: Name=RSTn
Added Pin To Net: NetName=SPI2_CS0 Pin=U2-23
Added Pin To Net: NetName=SPI2_CS0 Pin=U3-32
Added Net: Name=SPI2_CS0
Added Pin To Net: NetName=SPI2_MISO Pin=U2-14
Added Pin To Net: NetName=SPI2_MISO Pin=U3-34
Added Net: Name=SPI2_MISO
Added Pin To Net: NetName=SPI2_MOSI Pin=U2-16
Added Pin To Net: NetName=SPI2_MOSI Pin=U3-35
Added Net: Name=SPI2_MOSI
Added Pin To Net: NetName=SPI2_SCLK Pin=U2-13
Added Pin To Net: NetName=SPI2_SCLK Pin=U3-33
Added Net: Name=SPI2_SCLK
Added Pin To Net: NetName=XI Pin=C34-2
Added Pin To Net: NetName=XI Pin=R33-1
Added Pin To Net: NetName=XI Pin=U3-30
Added Pin To Net: NetName=XI Pin=XT1-2
Added Net: Name=XI
Added Pin To Net: NetName=XO Pin=R33-2
Added Pin To Net: NetName=XO Pin=R34-2
Added Pin To Net: NetName=XO Pin=U3-31
Added Net: Name=XO
Added Member To Class: ClassName=U_Ethernet Member=Component C23 22nF
Added Member To Class: ClassName=U_Ethernet Member=Component C24 104/50V
Added Member To Class: ClassName=U_Ethernet Member=Component C25 104/50V
Added Member To Class: ClassName=U_Ethernet Member=Component C26 104/50V
Added Member To Class: ClassName=U_Ethernet Member=Component C27 104/50V
Added Member To Class: ClassName=U_Ethernet Member=Component C28 104/50V
Added Member To Class: ClassName=U_Ethernet Member=Component C29 104/50V
Added Member To Class: ClassName=U_Ethernet Member=Component C30 10uF/16V
Added Member To Class: ClassName=U_Ethernet Member=Component C31 106/10V
Added Member To Class: ClassName=U_Ethernet Member=Component C32 475 / 6.3V
Added Member To Class: ClassName=U_Ethernet Member=Component C33 18pF
Added Member To Class: ClassName=U_Ethernet Member=Component C34 18pF
Added Member To Class: ClassName=U_Ethernet Member=Component FB1 120R
Added Member To Class: ClassName=U_Ethernet Member=Component R27 330
Added Member To Class: ClassName=U_Ethernet Member=Component R28 49.9R
Added Member To Class: ClassName=U_Ethernet Member=Component R29 10R/5%
Added Member To Class: ClassName=U_Ethernet Member=Component R30 12K4
Added Member To Class: ClassName=U_Ethernet Member=Component R31 330R/5%
Added Member To Class: ClassName=U_Ethernet Member=Component R32 330R/5%
Added Member To Class: ClassName=U_Ethernet Member=Component R33 1M
Added Member To Class: ClassName=U_Ethernet Member=Component R34 0R
Added Member To Class: ClassName=U_Ethernet Member=Component SW3 Switch NO
Added Member To Class: ClassName=U_Ethernet Member=Component SW4 Switch NO
Added Member To Class: ClassName=U_Ethernet Member=Component SW5 Switch NO
Added Member To Class: ClassName=Low voltage Member=Wire +3V3A
