Added Pin To Net: NetName=SCK Pin=U2-13
Added Pin To Net: NetName=MISO Pin=U2-14
Added Pin To Net: NetName=MOSI Pin=U2-16
Added Pin To Net: NetName=C\S\ Pin=U2-23
Added Pin To Net: NetName=SPI3_CS0 Pin=U2-29
Added Pin To Net: NetName=SPI3_SCLK Pin=U2-30
Added Pin To Net: NetName=SPI3_MISO Pin=U2-31
Added Pin To Net: NetName=SPI3_MOSI Pin=U2-37
Added Pin To Net: NetName=+3.3V Pin=C15-2
Added Pin To Net: NetName=+3.3V Pin=IC1-2
Added Pin To Net: NetName=+3.3V Pin=IC1-4
Added Pin To Net: NetName=+3.3V Pin=R10-2
Added Pin To Net: NetName=+3.3V Pin=TP3-1
Added Net: Name=+3.3V
Added Pin To Net: NetName=A Pin=D1-2
Added Net: Name=A
Added Pin To Net: NetName=FB Pin=C17-2
Added Pin To Net: NetName=FB Pin=IC2-4
Added Pin To Net: NetName=FB Pin=R14-1
Added Pin To Net: NetName=FB Pin=R15-2
Added Net: Name=FB
Added Pin To Net: NetName=GND1 Pin=C9-2
Added Pin To Net: NetName=GND1 Pin=C10-2
Added Pin To Net: NetName=GND1 Pin=C12-1
Added Pin To Net: NetName=GND1 Pin=C16-2
Added Pin To Net: NetName=GND1 Pin=C17-1
Added Pin To Net: NetName=GND1 Pin=DB1-3
Added Pin To Net: NetName=GND1 Pin=IC2-1
Added Pin To Net: NetName=GND1 Pin=IC2-2
Added Pin To Net: NetName=GND1 Pin=IC2-3
Added Pin To Net: NetName=GND1 Pin=R11-2
Added Pin To Net: NetName=GND1 Pin=R12-2
Added Pin To Net: NetName=GND1 Pin=R15-1
Added Pin To Net: NetName=GND1 Pin=TP1-1
Added Pin To Net: NetName=GND1 Pin=TRANS1-9
Added Net: Name=GND1
Added Pin To Net: NetName=L Pin=CN1-1
Added Pin To Net: NetName=L Pin=CN1-2
Added Pin To Net: NetName=L Pin=F1-1
Added Net: Name=L
Added Pin To Net: NetName=NetC9_1 Pin=C9-1
Added Pin To Net: NetName=NetC9_1 Pin=DB1-1
Added Pin To Net: NetName=NetC9_1 Pin=L1-1
Added Net: Name=NetC9_1
Added Pin To Net: NetName=NetC13_1 Pin=C13-1
Added Pin To Net: NetName=NetC13_1 Pin=D2-1
Added Pin To Net: NetName=NetC13_1 Pin=R9-1
Added Net: Name=NetC13_1
Added Pin To Net: NetName=NetC13_2 Pin=C13-2
Added Pin To Net: NetName=NetC13_2 Pin=R8-1
Added Pin To Net: NetName=NetC13_2 Pin=R9-2
Added Net: Name=NetC13_2
Added Pin To Net: NetName=NetD2_2 Pin=D2-2
Added Pin To Net: NetName=NetD2_2 Pin=IC2-7
Added Pin To Net: NetName=NetD2_2 Pin=TRANS1-2
Added Net: Name=NetD2_2
Added Pin To Net: NetName=NetD3_1 Pin=D3-1
Added Pin To Net: NetName=NetD3_1 Pin=R13-2
Added Net: Name=NetD3_1
Added Pin To Net: NetName=NetD3_2 Pin=D3-2
Added Pin To Net: NetName=NetD3_2 Pin=R14-2
Added Pin To Net: NetName=NetD3_2 Pin=TRANS1-10
Added Net: Name=NetD3_2
Added Pin To Net: NetName=NetDB1_4 Pin=DB1-4
Added Pin To Net: NetName=NetDB1_4 Pin=F1-2
Added Pin To Net: NetName=NetDB1_4 Pin=V1-1
Added Net: Name=NetDB1_4
Added Pin To Net: NetName=N Pin=CN1-3
Added Pin To Net: NetName=N Pin=CN1-4
Added Pin To Net: NetName=N Pin=DB1-2
Added Pin To Net: NetName=N Pin=V1-2
Added Net: Name=N
Added Pin To Net: NetName=PSOURCE Pin=IC2-6
Added Pin To Net: NetName=PSOURCE Pin=R11-1
Added Pin To Net: NetName=PSOURCE Pin=R12-1
Added Net: Name=PSOURCE
Added Pin To Net: NetName=PVCC Pin=C16-1
Added Pin To Net: NetName=PVCC Pin=IC2-5
Added Pin To Net: NetName=PVCC Pin=R13-1
Added Net: Name=PVCC
Added Pin To Net: NetName=V_IN Pin=C10-1
Added Pin To Net: NetName=V_IN Pin=L1-2
Added Pin To Net: NetName=V_IN Pin=R8-2
Added Pin To Net: NetName=V_IN Pin=TRANS1-4
Added Net: Name=V_IN
Added Class: Name=U_Power Supply
Added Class: Name=Low voltage
Added Class: Name=Peak voltage
Added Class: Name=Power
