Removed Pin From Net: NetName=+3V3A Pin=C24-1
Removed Pin From Net: NetName=+3V3A Pin=C25-1
Removed Pin From Net: NetName=+3V3A Pin=C26-1
Removed Pin From Net: NetName=+3V3A Pin=C27-1
Removed Pin From Net: NetName=+3V3A Pin=C28-1
Removed Pin From Net: NetName=+3V3A Pin=C29-1
Removed Pin From Net: NetName=+3V3A Pin=C30-1
Removed Pin From Net: NetName=+3V3A Pin=FB1-2
Removed Pin From Net: NetName=+3V3A Pin=R25-2
Removed Pin From Net: NetName=+3V3A Pin=R28-1
Removed Pin From Net: NetName=+3V3A Pin=R29-2
Removed Pin From Net: NetName=+3V3A Pin=U3-4
Removed Pin From Net: NetName=+3V3A Pin=U3-8
Removed Pin From Net: NetName=+3V3A Pin=U3-11
Removed Pin From Net: NetName=+3V3A Pin=U3-15
Removed Pin From Net: NetName=+3V3A Pin=U3-17
Removed Pin From Net: NetName=+3V3A Pin=U3-21
Removed Member From Class: ClassName=Low voltage Member=+3V3A
Change Net Name : Old Net Name=+3V3A New Net Name=GND
Added Pin To Net: NetName=+3V3A Pin=C24-1
Added Pin To Net: NetName=+3V3A Pin=C25-1
Added Pin To Net: NetName=+3V3A Pin=C26-1
Added Pin To Net: NetName=+3V3A Pin=C27-1
Added Pin To Net: NetName=+3V3A Pin=C28-1
Added Pin To Net: NetName=+3V3A Pin=C29-1
Added Pin To Net: NetName=+3V3A Pin=C30-1
Added Pin To Net: NetName=+3V3A Pin=FB1-2
Added Pin To Net: NetName=+3V3A Pin=R25-2
Added Pin To Net: NetName=+3V3A Pin=R28-1
Added Pin To Net: NetName=+3V3A Pin=R29-2
Added Pin To Net: NetName=+3V3A Pin=U3-4
Added Pin To Net: NetName=+3V3A Pin=U3-8
Added Pin To Net: NetName=+3V3A Pin=U3-11
Added Pin To Net: NetName=+3V3A Pin=U3-15
Added Pin To Net: NetName=+3V3A Pin=U3-17
Added Pin To Net: NetName=+3V3A Pin=U3-21
Added Net: Name=+3V3A
Added Member To Class: ClassName=U_Ethernet Member=Component R23 330
Added Member To Class: ClassName=U_Ethernet Member=Component R24 330
Added Member To Class: ClassName=U_Ethernet Member=Component R26 330
Added Member To Class: ClassName=Low voltage Member=Wire GND
