Removed Pin From Net: NetName=+5V Pin=C11-1
Removed Pin From Net: NetName=GND Pin=C11-2
Removed Pin From Net: NetName=GND Pin=C12-2
Removed Pin From Net: NetName=GND Pin=C14-1
Removed Pin From Net: NetName=+5V Pin=C14-2
Removed Pin From Net: NetName=GND Pin=C15-1
Removed Pin From Net: NetName=+5V Pin=D1-1
Removed Pin From Net: NetName=GND Pin=IC1-1
Removed Pin From Net: NetName=+5V Pin=IC1-3
Removed Pin From Net: NetName=GND Pin=R10-1
Removed Pin From Net: NetName=GND Pin=TP2-1
Removed Pin From Net: NetName=+5V Pin=TP4-1
Added Pin To Net: NetName=SCK Pin=U2-13
Added Pin To Net: NetName=MISO Pin=U2-14
Added Pin To Net: NetName=MOSI Pin=U2-16
Added Pin To Net: NetName=C\S\ Pin=U2-23
Added Pin To Net: NetName=SPI3_CS0 Pin=U2-29
Added Net: Name=SPI3_CS0
Added Pin To Net: NetName=SPI3_MISO Pin=U2-31
Added Net: Name=SPI3_MISO
Added Pin To Net: NetName=SPI3_MOSI Pin=U2-37
Added Net: Name=SPI3_MOSI
Added Pin To Net: NetName=SPI3_SCLK Pin=U2-30
Added Net: Name=SPI3_SCLK
Change Class Name : Old Net Name=Ethernet New Net Name=U_Ethernet
Change Class Name : Old Net Name=MCU New Net Name=U_MCU
Added Member To Class: ClassName=U_Ethernet Member=Component U3 ENC28J60
